<?xml version="1.0" encoding="UTF-8"?>
<!-- Generated by org.testng.reporters.JUnitXMLReporter -->
<testsuite hostname="DESKTOP-0SP0QG2" ignored="0" name="Default test" tests="4" failures="0" timestamp="2024-07-11T23:24:21 IST" time="65.17" errors="0">
  <testcase name="testcase1" time="7.859" classname="testcases.TestCase"/>
  <testcase name="testcase2" time="6.088" classname="testcases.TestCase"/>
  <testcase name="testcase3" time="31.211" classname="testcases.TestCase"/>
  <testcase name="testcase4" time="18.762" classname="testcases.TestCase"/>
</testsuite> <!-- Default test -->
